============================= test session starts ==============================
platform darwin -- Python 3.13.7, pytest-9.0.2, pluggy-1.6.0 -- /Users/apple/Github/WhaleFall/.venv/bin/python
cachedir: .pytest_cache
rootdir: /Users/apple/Github/WhaleFall
configfile: pyproject.toml
testpaths: tests
plugins: cov-7.0.0
collecting ... collected 665 items / 83 deselected / 582 selected

tests/unit/api/test_instances_connections_batch_tests.py::test_execute_batch_tests_marks_instance_failed_when_test_raises PASSED [  0%]
tests/unit/constants/test_constants_immutability.py::test_http_method_collections_are_tuples PASSED [  0%]
tests/unit/constants/test_constants_immutability.py::test_status_collections_are_tuples PASSED [  0%]
tests/unit/constants/test_constants_immutability.py::test_user_role_permissions_are_immutable PASSED [  0%]
tests/unit/constants/test_constants_immutability.py::test_user_role_collections_are_tuples PASSED [  0%]
tests/unit/frontend/test_frontend_console_template_compile_contract.py::test_console_templates_compile_under_app_context FAILED [  1%]
tests/unit/infra/test_log_fallback_helper.py::test_log_fallback_always_sets_fallback_fields PASSED [  1%]
tests/unit/models/test_account_classification_rule_expression.py::test_get_rule_expression_invalid_json_is_not_silent_fallback PASSED [  1%]
tests/unit/models/test_account_permission.py::test_account_permission_table_contract_has_expected_constraints PASSED [  1%]
tests/unit/models/test_account_permission.py::test_account_permission_snapshot_columns_contract PASSED [  1%]
tests/unit/models/test_account_permission.py::test_account_permission_capability_expression_uses_jsonb_contains_operator PASSED [  1%]
tests/unit/models/test_account_permission.py::test_account_permission_capability_expression_logs_fallback_when_bind_unavailable PASSED [  2%]
tests/unit/models/test_database_type_config_features_list.py::test_features_list_invalid_json_is_not_silent_fallback PASSED [  2%]
tests/unit/models/test_instance_config_snapshot.py::test_instance_config_snapshot_table_contract_has_expected_constraints PASSED [  2%]
tests/unit/models/test_instance_config_snapshot.py::test_instance_config_snapshot_json_columns_contract PASSED [  2%]
tests/unit/repositories/test_accounts_ledger_repository_tag_filter.py::test_apply_tag_filter_returns_original_query_when_join_fails PASSED [  2%]
tests/unit/repositories/test_capacity_databases_repository_filters.py::test_apply_filters_uses_period_start_bounds_for_partition_pruning PASSED [  2%]
tests/unit/repositories/test_capacity_databases_repository_summary_query.py::test_build_summary_query_avoids_tuple_in_and_uses_period_start_partition_key PASSED [  3%]
tests/unit/repositories/test_capacity_databases_repository_summary_query.py::test_summarize_latest_aggregations_returns_latest_values_within_range PASSED [  3%]
tests/unit/repositories/test_scheduler_jobs_repository_last_run_resolution.py::test_lookup_job_last_run_returns_none_when_no_task_runs PASSED [  3%]
tests/unit/repositories/test_scheduler_jobs_repository_last_run_resolution.py::test_lookup_job_last_run_returns_latest_started_at PASSED [  3%]
tests/unit/repositories/test_veeam_repository_snapshot_write_contract.py::test_upsert_machine_backup_snapshots_preserves_unrelated_snapshots PASSED [  3%]
tests/unit/repositories/test_veeam_repository_snapshot_write_contract.py::test_replace_machine_backup_snapshots_deduplicates_name_and_ip_and_stores_missing_ip_as_null PASSED [  3%]
tests/unit/routes/test_api_v1_account_change_logs_contract.py::test_api_v1_account_change_logs_requires_auth PASSED [  4%]
tests/unit/routes/test_api_v1_account_change_logs_contract.py::test_api_v1_account_change_logs_endpoints_contract PASSED [  4%]
tests/unit/routes/test_api_v1_accounts_classifications_contract.py::test_api_v1_accounts_classifications_requires_auth PASSED [  4%]
tests/unit/routes/test_api_v1_accounts_classifications_contract.py::test_api_v1_accounts_classifications_auto_classify_contract PASSED [  4%]
tests/unit/routes/test_api_v1_accounts_classifications_contract.py::test_api_v1_accounts_classifications_endpoints_contract PASSED [  4%]
tests/unit/routes/test_api_v1_accounts_classifications_contract.py::test_api_v1_accounts_classifications_create_rule_requires_dsl_v4 PASSED [  4%]
tests/unit/routes/test_api_v1_accounts_ledgers_contract.py::test_api_v1_accounts_ledgers_contract PASSED [  5%]
tests/unit/routes/test_api_v1_accounts_ledgers_contract.py::test_api_v1_accounts_ledgers_mysql_roles_filtered_by_default PASSED [  5%]
tests/unit/routes/test_api_v1_accounts_ledgers_contract.py::test_api_v1_accounts_ledgers_permissions_contract PASSED [  5%]
tests/unit/routes/test_api_v1_accounts_ledgers_contract.py::test_api_v1_accounts_ledgers_requires_auth PASSED [  5%]
tests/unit/routes/test_api_v1_accounts_statistics_contract.py::test_api_v1_accounts_statistics_requires_auth PASSED [  5%]
tests/unit/routes/test_api_v1_accounts_statistics_contract.py::test_api_v1_accounts_statistics_endpoints_contract PASSED [  6%]
tests/unit/routes/test_api_v1_accounts_statistics_contract.py::test_api_v1_accounts_statistics_summary_includes_disabled_instances PASSED [  6%]
tests/unit/routes/test_api_v1_accounts_sync_contract.py::test_api_v1_accounts_sync_requires_auth PASSED [  6%]
tests/unit/routes/test_api_v1_accounts_sync_contract.py::test_api_v1_accounts_sync_endpoints_contract PASSED [  6%]
tests/unit/routes/test_api_v1_accounts_sync_contract.py::test_api_v1_accounts_sync_failure_contract PASSED [  6%]
tests/unit/routes/test_api_v1_accounts_sync_contract.py::test_api_v1_accounts_sync_all_excludes_deleted_instances PASSED [  6%]
tests/unit/routes/test_api_v1_accounts_sync_contract.py::test_api_v1_accounts_sync_rejects_deleted_instance PASSED [  7%]
tests/unit/routes/test_api_v1_accounts_sync_contract.py::test_api_v1_accounts_sync_allows_disabled_instance_for_manual_sync PASSED [  7%]
tests/unit/routes/test_api_v1_admin_contract.py::test_api_v1_admin_app_info_contract PASSED [  7%]
tests/unit/routes/test_api_v1_alerts_contract.py::test_api_v1_alerts_requires_auth PASSED [  7%]
tests/unit/routes/test_api_v1_alerts_contract.py::test_api_v1_alerts_email_settings_contract PASSED [  7%]
tests/unit/routes/test_api_v1_alerts_contract.py::test_api_v1_alerts_send_test_email_contract PASSED [  7%]
tests/unit/routes/test_api_v1_auth_contract.py::test_api_v1_auth_csrf_token_contract PASSED [  8%]
tests/unit/routes/test_api_v1_auth_contract.py::test_api_v1_auth_login_me_refresh_logout_contract PASSED [  8%]
tests/unit/routes/test_api_v1_auth_contract.py::test_api_v1_auth_login_sets_remember_cookie_expire_in_7_days PASSED [  8%]
tests/unit/routes/test_api_v1_auth_contract.py::test_api_v1_auth_change_password_invalid_old_password_contract PASSED [  8%]
tests/unit/routes/test_api_v1_cache_contract.py::test_api_v1_cache_requires_auth PASSED [  8%]
tests/unit/routes/test_api_v1_cache_contract.py::test_api_v1_cache_actions_invalid_payload_contract PASSED [  8%]
tests/unit/routes/test_api_v1_cache_contract.py::test_api_v1_cache_endpoints_contract PASSED [  9%]
tests/unit/routes/test_api_v1_capacity_aggregations_contract.py::test_api_v1_capacity_current_aggregation_requires_auth PASSED [  9%]
tests/unit/routes/test_api_v1_capacity_aggregations_contract.py::test_api_v1_capacity_current_aggregation_contract PASSED [  9%]
tests/unit/routes/test_api_v1_capacity_databases_contract.py::test_api_v1_capacity_databases_requires_auth PASSED [  9%]
tests/unit/routes/test_api_v1_capacity_databases_contract.py::test_api_v1_capacity_databases_endpoints_contract PASSED [  9%]
tests/unit/routes/test_api_v1_capacity_databases_contract.py::test_api_v1_capacity_databases_support_multiple_db_types_and_instance_ids PASSED [  9%]
tests/unit/routes/test_api_v1_capacity_databases_contract.py::test_api_v1_capacity_databases_include_disabled_instance_in_statistics PASSED [ 10%]
tests/unit/routes/test_api_v1_capacity_instances_contract.py::test_api_v1_capacity_instances_requires_auth PASSED [ 10%]
tests/unit/routes/test_api_v1_capacity_instances_contract.py::test_api_v1_capacity_instances_endpoints_contract PASSED [ 10%]
tests/unit/routes/test_api_v1_capacity_instances_contract.py::test_api_v1_capacity_instances_support_multiple_db_types_and_instance_ids PASSED [ 10%]
tests/unit/routes/test_api_v1_capacity_instances_contract.py::test_api_v1_capacity_instances_include_disabled_instance_in_statistics PASSED [ 10%]
tests/unit/routes/test_api_v1_common_options_contract.py::test_api_v1_common_instances_options_contract PASSED [ 10%]
tests/unit/routes/test_api_v1_common_options_contract.py::test_api_v1_common_instances_options_support_multiple_db_types PASSED [ 11%]
tests/unit/routes/test_api_v1_common_options_contract.py::test_api_v1_common_instances_options_include_disabled_and_exclude_deleted PASSED [ 11%]
tests/unit/routes/test_api_v1_common_options_contract.py::test_api_v1_common_databases_options_contract PASSED [ 11%]
tests/unit/routes/test_api_v1_connections_contract.py::test_api_v1_connections_requires_auth PASSED [ 11%]
tests/unit/routes/test_api_v1_connections_contract.py::test_api_v1_connections_validate_params_contract PASSED [ 11%]
tests/unit/routes/test_api_v1_connections_contract.py::test_api_v1_connections_validate_params_strips_whitespace_contract PASSED [ 12%]
tests/unit/routes/test_api_v1_connections_contract.py::test_api_v1_connections_batch_test_contract PASSED [ 12%]
tests/unit/routes/test_api_v1_connections_contract.py::test_api_v1_connections_batch_test_accepts_scalar_instance_id_contract PASSED [ 12%]
tests/unit/routes/test_api_v1_connections_contract.py::test_api_v1_connections_status_contract PASSED [ 12%]
tests/unit/routes/test_api_v1_connections_contract.py::test_api_v1_connections_test_connection_missing_payload_contract PASSED [ 12%]
tests/unit/routes/test_api_v1_connections_contract.py::test_api_v1_connections_test_connection_failure_contract PASSED [ 12%]
tests/unit/routes/test_api_v1_connections_contract.py::test_api_v1_connections_test_connection_success_contract PASSED [ 13%]
tests/unit/routes/test_api_v1_credentials_contract.py::test_api_v1_credentials_list_contract PASSED [ 13%]
tests/unit/routes/test_api_v1_credentials_contract.py::test_api_v1_credential_detail_contract PASSED [ 13%]
tests/unit/routes/test_api_v1_credentials_contract.py::test_api_v1_credentials_requires_auth PASSED [ 13%]
tests/unit/routes/test_api_v1_credentials_contract.py::test_api_v1_credentials_create_contract PASSED [ 13%]
tests/unit/routes/test_api_v1_credentials_contract.py::test_api_v1_credentials_update_contract PASSED [ 13%]
tests/unit/routes/test_api_v1_credentials_contract.py::test_api_v1_credentials_create_api_contract_without_platform_url PASSED [ 14%]
tests/unit/routes/test_api_v1_credentials_contract.py::test_api_v1_credentials_create_veeam_contract_without_db_type PASSED [ 14%]
tests/unit/routes/test_api_v1_credentials_contract.py::test_api_v1_credentials_create_veeam_contract_allows_domain_backslash_username PASSED [ 14%]
tests/unit/routes/test_api_v1_credentials_contract.py::test_api_v1_credentials_delete_contract PASSED [ 14%]
tests/unit/routes/test_api_v1_csrf_header_only_contract.py::test_api_v1_csrf_token_is_not_accepted_from_json_body PASSED [ 14%]
tests/unit/routes/test_api_v1_dashboard_contract.py::test_api_v1_dashboard_requires_auth PASSED [ 14%]
tests/unit/routes/test_api_v1_dashboard_contract.py::test_api_v1_dashboard_overview_contract PASSED [ 15%]
tests/unit/routes/test_api_v1_dashboard_contract.py::test_api_v1_dashboard_status_contract PASSED [ 15%]
tests/unit/routes/test_api_v1_dashboard_contract.py::test_api_v1_dashboard_activities_contract PASSED [ 15%]
tests/unit/routes/test_api_v1_dashboard_contract.py::test_api_v1_dashboard_charts_logs_contract PASSED [ 15%]
tests/unit/routes/test_api_v1_dashboard_contract.py::test_api_v1_dashboard_charts_syncs_contract PASSED [ 15%]
tests/unit/routes/test_api_v1_dashboard_contract.py::test_api_v1_dashboard_charts_unknown_type_returns_empty_dict PASSED [ 15%]
tests/unit/routes/test_api_v1_databases_ledgers_contract.py::test_api_v1_databases_ledgers_requires_auth PASSED [ 16%]
tests/unit/routes/test_api_v1_databases_ledgers_contract.py::test_api_v1_databases_ledgers_endpoints_contract PASSED [ 16%]
tests/unit/routes/test_api_v1_databases_statistics_contract.py::test_api_v1_databases_statistics_requires_auth PASSED [ 16%]
tests/unit/routes/test_api_v1_databases_statistics_contract.py::test_api_v1_databases_statistics_contract PASSED [ 16%]
tests/unit/routes/test_api_v1_files_contract.py::test_api_v1_files_requires_auth PASSED [ 16%]
tests/unit/routes/test_api_v1_files_contract.py::test_api_v1_files_endpoints_contract PASSED [ 17%]
tests/unit/routes/test_api_v1_health_extended_contract.py::test_api_v1_health_cache_requires_auth PASSED [ 17%]
tests/unit/routes/test_api_v1_health_extended_contract.py::test_api_v1_health_cache_contract PASSED [ 17%]
tests/unit/routes/test_api_v1_health_extended_contract.py::test_api_v1_health_detailed_contract PASSED [ 17%]
tests/unit/routes/test_api_v1_health_ping_contract.py::test_api_v1_health_ping_returns_success_envelope PASSED [ 17%]
tests/unit/routes/test_api_v1_health_ping_contract.py::test_api_v1_health_basic_returns_success_envelope PASSED [ 17%]
tests/unit/routes/test_api_v1_health_ping_contract.py::test_api_v1_health_health_returns_success_envelope PASSED [ 18%]
tests/unit/routes/test_api_v1_health_ping_contract.py::test_api_v1_health_unknown_path_returns_error_envelope PASSED [ 18%]
tests/unit/routes/test_api_v1_history_logs_contract.py::test_api_v1_history_logs_requires_auth PASSED [ 18%]
tests/unit/routes/test_api_v1_history_logs_contract.py::test_api_v1_history_logs_endpoints_contract PASSED [ 18%]
tests/unit/routes/test_api_v1_history_sessions_contract.py::test_api_v1_history_sessions_requires_auth PASSED [ 18%]
tests/unit/routes/test_api_v1_history_sessions_contract.py::test_api_v1_history_sessions_endpoints_contract PASSED [ 18%]
tests/unit/routes/test_api_v1_instances_audit_info_contract.py::test_api_v1_instances_audit_info_requires_auth PASSED [ 19%]
tests/unit/routes/test_api_v1_instances_audit_info_contract.py::test_api_v1_instances_audit_info_non_sqlserver_returns_supported_false PASSED [ 19%]
tests/unit/routes/test_api_v1_instances_audit_info_contract.py::test_api_v1_instances_audit_info_sqlserver_returns_snapshot PASSED [ 19%]
tests/unit/routes/test_api_v1_instances_audit_info_contract.py::test_api_v1_instances_sync_audit_info_rejects_unsupported_db_type PASSED [ 19%]
tests/unit/routes/test_api_v1_instances_audit_info_contract.py::test_api_v1_instances_sync_audit_info_contract PASSED [ 19%]
tests/unit/routes/test_api_v1_instances_audit_info_contract.py::test_api_v1_instances_sync_audit_info_partial_success_contract PASSED [ 19%]
tests/unit/routes/test_api_v1_instances_backup_info_contract.py::test_api_v1_instance_backup_info_contract FAILED [ 20%]
tests/unit/routes/test_api_v1_instances_batch_contract.py::test_api_v1_instances_batch_requires_auth PASSED [ 20%]
tests/unit/routes/test_api_v1_instances_batch_contract.py::test_api_v1_instances_batch_endpoints_contract PASSED [ 20%]
tests/unit/routes/test_api_v1_instances_contract.py::test_api_v1_instances_list_contract PASSED [ 20%]
tests/unit/routes/test_api_v1_instances_contract.py::test_api_v1_instances_list_marks_backup_status_via_instance_name_and_domains PASSED [ 20%]
tests/unit/routes/test_api_v1_instances_contract.py::test_api_v1_instances_list_filters_by_backup_status PASSED [ 20%]
tests/unit/routes/test_api_v1_instances_contract.py::test_api_v1_instances_list_marks_jumpserver_managed_for_database_assets PASSED [ 21%]
tests/unit/routes/test_api_v1_instances_contract.py::test_api_v1_instances_list_exposes_enabled_audit_status_for_sqlserver PASSED [ 21%]
tests/unit/routes/test_api_v1_instances_contract.py::test_api_v1_instances_list_filters_by_audit_status PASSED [ 21%]
tests/unit/routes/test_api_v1_instances_contract.py::test_api_v1_instances_list_filters_by_managed_status PASSED [ 21%]
tests/unit/routes/test_api_v1_instances_contract.py::test_api_v1_instances_detail_contract PASSED [ 21%]
tests/unit/routes/test_api_v1_instances_contract.py::test_api_v1_instances_requires_auth PASSED [ 21%]
tests/unit/routes/test_api_v1_instances_contract.py::test_api_v1_instances_create_contract PASSED [ 22%]
tests/unit/routes/test_api_v1_instances_contract.py::test_api_v1_instances_update_contract PASSED [ 22%]
tests/unit/routes/test_api_v1_instances_contract.py::test_api_v1_instances_soft_delete_contract PASSED [ 22%]
tests/unit/routes/test_api_v1_instances_contract.py::test_api_v1_instances_restore_contract PASSED [ 22%]
tests/unit/routes/test_api_v1_instances_contract.py::test_api_v1_instances_accounts_list_contract PASSED [ 22%]
tests/unit/routes/test_api_v1_instances_contract.py::test_api_v1_instances_account_permissions_contract PASSED [ 23%]
tests/unit/routes/test_api_v1_instances_contract.py::test_api_v1_instances_account_change_history_contract PASSED [ 23%]
tests/unit/routes/test_api_v1_instances_contract.py::test_api_v1_instances_database_sizes_contract PASSED [ 23%]
tests/unit/routes/test_api_v1_instances_contract.py::test_api_v1_instances_database_table_sizes_snapshot_contract PASSED [ 23%]
tests/unit/routes/test_api_v1_instances_contract.py::test_api_v1_instances_database_table_sizes_refresh_contract PASSED [ 23%]
tests/unit/routes/test_api_v1_instances_contract.py::test_api_v1_instances_database_table_sizes_refresh_conflict_returns_reason PASSED [ 23%]
tests/unit/routes/test_api_v1_instances_statistics_contract.py::test_api_v1_instances_statistics_requires_auth PASSED [ 24%]
tests/unit/routes/test_api_v1_instances_statistics_contract.py::test_api_v1_instances_statistics_contract PASSED [ 24%]
tests/unit/routes/test_api_v1_instances_sync_capacity_contract.py::test_api_v1_instances_sync_capacity_requires_auth PASSED [ 24%]
tests/unit/routes/test_api_v1_instances_sync_capacity_contract.py::test_api_v1_instances_sync_capacity_contract PASSED [ 24%]
tests/unit/routes/test_api_v1_instances_sync_capacity_contract.py::test_api_v1_instances_sync_capacity_failure_keeps_inventory PASSED [ 24%]
tests/unit/routes/test_api_v1_instances_sync_capacity_contract.py::test_api_v1_instances_sync_capacity_exception_returns_sync_error_and_keeps_inventory PASSED [ 24%]
tests/unit/routes/test_api_v1_instances_sync_capacity_contract.py::test_api_v1_instances_sync_capacity_rejects_deleted_instance PASSED [ 25%]
tests/unit/routes/test_api_v1_instances_sync_capacity_contract.py::test_api_v1_instances_sync_capacity_allows_disabled_instance_for_manual_sync PASSED [ 25%]
tests/unit/routes/test_api_v1_instances_sync_capacity_contract.py::test_api_v1_instances_sync_capacity_connect_failure_returns_connection_error PASSED [ 25%]
tests/unit/routes/test_api_v1_jumpserver_source_contract.py::test_api_v1_jumpserver_source_contract PASSED [ 25%]
tests/unit/routes/test_api_v1_jumpserver_source_contract.py::test_api_v1_jumpserver_source_bind_and_unbind_contract PASSED [ 25%]
tests/unit/routes/test_api_v1_partition_contract.py::test_api_v1_partition_requires_auth PASSED [ 25%]
tests/unit/routes/test_api_v1_partition_contract.py::test_api_v1_partition_endpoints_contract PASSED [ 26%]
tests/unit/routes/test_api_v1_scheduler_contract.py::test_api_v1_scheduler_requires_auth PASSED [ 26%]
tests/unit/routes/test_api_v1_scheduler_contract.py::test_api_v1_scheduler_endpoints_contract PASSED [ 26%]
tests/unit/routes/test_api_v1_swagger_contract.py::test_api_v1_swagger_json_renders FAILED [ 26%]
tests/unit/routes/test_api_v1_tags_bulk_contract.py::test_api_v1_tags_bulk_requires_auth PASSED [ 26%]
tests/unit/routes/test_api_v1_tags_bulk_contract.py::test_api_v1_tags_bulk_endpoints_contract PASSED [ 26%]
tests/unit/routes/test_api_v1_tags_contract.py::test_api_v1_tags_list_contract PASSED [ 27%]
tests/unit/routes/test_api_v1_tags_contract.py::test_api_v1_tags_options_contract PASSED [ 27%]
tests/unit/routes/test_api_v1_tags_contract.py::test_api_v1_tags_categories_contract PASSED [ 27%]
tests/unit/routes/test_api_v1_tags_contract.py::test_api_v1_tag_detail_contract PASSED [ 27%]
tests/unit/routes/test_api_v1_tags_contract.py::test_api_v1_tags_requires_auth PASSED [ 27%]
tests/unit/routes/test_api_v1_tags_contract.py::test_api_v1_tags_create_contract PASSED [ 28%]
tests/unit/routes/test_api_v1_tags_contract.py::test_api_v1_tags_update_contract PASSED [ 28%]
tests/unit/routes/test_api_v1_tags_contract.py::test_api_v1_tags_delete_contract PASSED [ 28%]
tests/unit/routes/test_api_v1_tags_contract.py::test_api_v1_tags_delete_in_use_returns_conflict PASSED [ 28%]
tests/unit/routes/test_api_v1_tags_contract.py::test_api_v1_tags_batch_delete_contract PASSED [ 28%]
tests/unit/routes/test_api_v1_task_runs_contract.py::test_api_v1_task_runs_requires_auth PASSED [ 28%]
tests/unit/routes/test_api_v1_task_runs_contract.py::test_api_v1_task_runs_endpoints_contract PASSED [ 29%]
tests/unit/routes/test_api_v1_users_contract.py::test_api_v1_users_requires_auth PASSED [ 29%]
tests/unit/routes/test_api_v1_users_contract.py::test_api_v1_users_endpoints_contract PASSED [ 29%]
tests/unit/routes/test_api_v1_veeam_source_contract.py::test_api_v1_veeam_source_contract PASSED [ 29%]
tests/unit/routes/test_api_v1_veeam_source_contract.py::test_api_v1_veeam_source_bind_and_unbind_contract PASSED [ 29%]
tests/unit/routes/test_api_v1_veeam_source_contract.py::test_api_v1_veeam_sync_action_contract PASSED [ 29%]
tests/unit/routes/test_api_v1_veeam_source_contract.py::test_api_v1_veeam_single_instance_sync_preserves_unrelated_snapshots PASSED [ 30%]
tests/unit/routes/test_form_service_message_key_contract.py::test_account_classification_name_exists_message_key_contract PASSED [ 30%]
tests/unit/routes/test_form_service_message_key_contract.py::test_change_password_invalid_old_password_message_key_contract PASSED [ 30%]
tests/unit/routes/test_instances_detail_audit_tab.py::test_instances_detail_page_includes_audit_tab_and_sync_action PASSED [ 30%]
tests/unit/routes/test_instances_detail_audit_tab.py::test_instances_detail_page_keeps_all_data_panes_under_same_tab_content PASSED [ 30%]
tests/unit/routes/test_instances_detail_audit_tab.py::test_instances_detail_page_keeps_manual_sync_buttons_enabled_for_disabled_instance PASSED [ 30%]
tests/unit/routes/test_instances_detail_audit_tab.py::test_instances_detail_page_uses_shared_filter_band_classes PASSED [ 31%]
tests/unit/routes/test_web_account_classification_statistics_page_contract.py::test_web_account_classification_statistics_page_uses_shared_filter_fields PASSED [ 31%]
tests/unit/routes/test_web_accounts_ledgers_page_contract.py::test_web_accounts_ledgers_page_embeds_png_db_type_assets PASSED [ 31%]
tests/unit/routes/test_web_auth_login_page_contract.py::test_web_auth_login_page_remember_checked_by_default PASSED [ 31%]
tests/unit/routes/test_web_auth_login_page_layout_contract.py::test_web_auth_login_page_does_not_render_marketing_hero PASSED [ 31%]
tests/unit/routes/test_web_auth_login_remember.py::test_web_auth_login_without_remember_does_not_set_remember_cookie PASSED [ 31%]
tests/unit/routes/test_web_auth_login_remember.py::test_web_auth_login_with_remember_sets_remember_cookie_expire_in_7_days PASSED [ 32%]
tests/unit/routes/test_web_capacity_pages_chart_legend_contract.py::test_web_capacity_instances_page_renders_external_legend_slots PASSED [ 32%]
tests/unit/routes/test_web_capacity_pages_chart_legend_contract.py::test_web_capacity_databases_page_renders_external_legend_slots PASSED [ 32%]
tests/unit/routes/test_web_capacity_pages_chart_legend_contract.py::test_web_capacity_instances_page_renders_instance_asset_without_db_type_suffix PASSED [ 32%]
tests/unit/routes/test_web_databases_statistics_page_contract.py::test_web_databases_ledgers_page_contains_statistics_entry PASSED [ 32%]
tests/unit/routes/test_web_databases_statistics_page_contract.py::test_web_databases_statistics_page_renders_refreshable_dashboard PASSED [ 32%]
tests/unit/routes/test_web_email_alert_settings_page_contract.py::test_web_email_alert_settings_page_route_removed PASSED [ 33%]
tests/unit/routes/test_web_instances_list_page_contract.py::test_web_instances_list_page_embeds_vendor_db_type_assets PASSED [ 33%]
tests/unit/routes/test_web_instances_list_page_contract.py::test_web_instances_list_tag_filter_hides_placeholder_when_tags_selected PASSED [ 33%]
tests/unit/routes/test_web_jumpserver_source_page_contract.py::test_web_jumpserver_source_page_route_removed PASSED [ 33%]
tests/unit/routes/test_web_main_index_redirects.py::test_main_index_redirects_to_login_when_not_authenticated PASSED [ 33%]
tests/unit/routes/test_web_main_index_redirects.py::test_main_index_redirects_to_dashboard_when_authenticated PASSED [ 34%]
tests/unit/routes/test_web_system_settings_page_contract.py::test_web_system_settings_page_renders_aggregated_sections PASSED [ 34%]
tests/unit/schemas/internal_contracts/test_account_change_log_diff_v1.py::test_extract_diff_entries_rejects_legacy_list_shape PASSED [ 34%]
tests/unit/schemas/internal_contracts/test_account_change_log_diff_v1.py::test_extract_diff_entries_supports_v1_dict_shape PASSED [ 34%]
tests/unit/schemas/internal_contracts/test_sync_details_v1.py::test_normalize_sync_details_v1_rejects_missing_version PASSED [ 34%]
tests/unit/schemas/internal_contracts/test_type_specific_v1.py::test_normalize_type_specific_v1_injects_version PASSED [ 34%]
tests/unit/schemas/test_account_change_logs_query.py::test_account_change_logs_list_query_defaults PASSED [ 35%]
tests/unit/schemas/test_account_change_logs_query.py::test_account_change_logs_list_query_normalizes_and_clamps PASSED [ 35%]
tests/unit/schemas/test_account_change_logs_query.py::test_account_change_logs_list_query_fallbacks_invalid_sort_order_to_default PASSED [ 35%]
tests/unit/schemas/test_account_change_logs_query.py::test_account_change_logs_list_query_defaults_sort_field_when_blank PASSED [ 35%]
tests/unit/schemas/test_accounts_query.py::test_accounts_filters_query_defaults PASSED [ 35%]
tests/unit/schemas/test_accounts_query.py::test_accounts_filters_query_normalizes_and_clamps PASSED [ 35%]
tests/unit/schemas/test_accounts_query.py::test_accounts_ledgers_list_query_defaults PASSED [ 36%]
tests/unit/schemas/test_capacity_query.py::test_capacity_databases_aggregations_query_parses_dates_and_clamps PASSED [ 36%]
tests/unit/schemas/test_capacity_query.py::test_capacity_databases_aggregations_query_supports_multiple_db_types_and_instance_ids PASSED [ 36%]
tests/unit/schemas/test_capacity_query.py::test_capacity_databases_summary_query_parses_ids PASSED [ 36%]
tests/unit/schemas/test_capacity_query.py::test_capacity_instances_summary_query_supports_multiple_values PASSED [ 36%]
tests/unit/schemas/test_capacity_query.py::test_capacity_instances_aggregations_query_applies_time_range PASSED [ 36%]
tests/unit/schemas/test_capacity_query.py::test_capacity_instances_aggregations_query_ignores_time_range_when_explicit_dates_present PASSED [ 37%]
tests/unit/schemas/test_capacity_query.py::test_capacity_instances_aggregations_query_rejects_invalid_time_range PASSED [ 37%]
tests/unit/schemas/test_credentials_query.py::test_credential_list_filters_query_defaults PASSED [ 37%]
tests/unit/schemas/test_credentials_query.py::test_credential_list_filters_query_normalizes_and_clamps PASSED [ 37%]
tests/unit/schemas/test_credentials_query.py::test_credential_list_filters_query_status_rejects_unknown_value PASSED [ 37%]
tests/unit/schemas/test_credentials_query.py::test_credential_list_filters_query_choice_all_and_blank_to_none PASSED [ 37%]
tests/unit/schemas/test_credentials_query.py::test_credential_list_filters_query_fallbacks_invalid_sort_order_to_default PASSED [ 38%]
tests/unit/schemas/test_databases_query.py::test_databases_options_query_rejects_offset PASSED [ 38%]
tests/unit/schemas/test_databases_query.py::test_databases_options_query_clamps_limit_and_computes_offset PASSED [ 38%]
tests/unit/schemas/test_databases_query.py::test_databases_options_query_rejects_limit_out_of_range PASSED [ 38%]
tests/unit/schemas/test_databases_query.py::test_database_ledgers_query_normalizes_values_and_splits_tags PASSED [ 38%]
tests/unit/schemas/test_databases_query.py::test_databases_sizes_query_requires_instance_id PASSED [ 39%]
tests/unit/schemas/test_databases_query.py::test_databases_sizes_query_rejects_offset PASSED [ 39%]
tests/unit/schemas/test_databases_query.py::test_databases_sizes_query_parses_dates_and_pagination PASSED [ 39%]
tests/unit/schemas/test_databases_query.py::test_databases_sizes_query_rejects_non_positive_limit PASSED [ 39%]
tests/unit/schemas/test_databases_query.py::test_databases_sizes_query_rejects_invalid_dates PASSED [ 39%]
tests/unit/schemas/test_databases_query.py::test_database_table_sizes_query_validates_limit_max_and_rejects_offset PASSED [ 39%]
tests/unit/schemas/test_history_logs_query.py::test_history_logs_list_query_defaults PASSED [ 40%]
tests/unit/schemas/test_history_logs_query.py::test_history_logs_list_query_normalizes PASSED [ 40%]
tests/unit/schemas/test_history_logs_query.py::test_history_logs_list_query_rejects_invalid_sort_order PASSED [ 40%]
tests/unit/schemas/test_history_logs_query.py::test_history_logs_list_query_rejects_out_of_range_hours PASSED [ 40%]
tests/unit/schemas/test_history_logs_query.py::test_history_log_statistics_query_defaults_to_24_hours PASSED [ 40%]
tests/unit/schemas/test_history_sessions_query.py::test_history_sessions_list_filters_query_defaults PASSED [ 40%]
tests/unit/schemas/test_history_sessions_query.py::test_history_sessions_list_filters_query_normalizes_and_clamps PASSED [ 41%]
tests/unit/schemas/test_history_sessions_query.py::test_history_sessions_list_filters_query_fallbacks_invalid_sort_order_to_default PASSED [ 41%]
tests/unit/schemas/test_history_sessions_query.py::test_history_sessions_list_filters_query_defaults_sort_field_when_blank PASSED [ 41%]
tests/unit/schemas/test_instances_query.py::test_instance_list_filters_query_defaults PASSED [ 41%]
tests/unit/schemas/test_instances_query.py::test_instance_list_filters_query_normalizes_and_clamps PASSED [ 41%]
tests/unit/schemas/test_instances_query.py::test_instance_list_filters_query_fallbacks_invalid_sort_order_to_default PASSED [ 41%]
tests/unit/schemas/test_instances_query.py::test_instances_options_query_strips_blank_to_none PASSED [ 42%]
tests/unit/schemas/test_instances_query.py::test_instances_options_query_supports_multiple_db_types PASSED [ 42%]
tests/unit/schemas/test_instances_query.py::test_instances_export_query_strips_params PASSED [ 42%]
tests/unit/schemas/test_partition_query.py::test_partitions_list_query_defaults PASSED [ 42%]
tests/unit/schemas/test_partition_query.py::test_partitions_list_query_normalizes_and_clamps PASSED [ 42%]
tests/unit/schemas/test_partition_query.py::test_partition_core_metrics_query_defaults PASSED [ 42%]
tests/unit/schemas/test_partition_query.py::test_partition_core_metrics_query_normalizes_and_compat_days_zero PASSED [ 43%]
tests/unit/schemas/test_permission_snapshot_v4_internal_contract.py::test_normalize_permission_snapshot_categories_v4_postgresql_predefined_roles PASSED [ 43%]
tests/unit/schemas/test_permission_snapshot_v4_internal_contract.py::test_normalize_permission_snapshot_categories_v4_sqlserver_server_roles PASSED [ 43%]
tests/unit/schemas/test_permission_snapshot_v4_internal_contract.py::test_normalize_permission_snapshot_categories_v4_sqlserver_database_roles_dict PASSED [ 43%]
tests/unit/schemas/test_permission_snapshot_v4_internal_contract.py::test_normalize_permission_snapshot_categories_v4_sqlserver_database_roles_list_coerces_to_mapping PASSED [ 43%]
tests/unit/schemas/test_permission_snapshot_v4_internal_contract.py::test_normalize_permission_snapshot_categories_v4_oracle_roles PASSED [ 43%]
tests/unit/schemas/test_permission_snapshot_v4_internal_contract.py::test_normalize_permission_snapshot_categories_v4_oracle_system_privileges_passthrough PASSED [ 44%]
tests/unit/schemas/test_permission_snapshot_v4_internal_contract.py::test_parse_permission_snapshot_categories_v4_returns_error_for_invalid_payload PASSED [ 44%]
tests/unit/schemas/test_permission_snapshot_v4_internal_contract.py::test_parse_permission_snapshot_categories_v4_returns_error_for_unknown_version PASSED [ 44%]
tests/unit/schemas/test_permission_snapshot_v4_internal_contract.py::test_parse_permission_snapshot_categories_v4_returns_ok_for_v4 PASSED [ 44%]
tests/unit/schemas/test_permission_snapshot_v4_internal_contract.py::test_parse_permission_snapshot_type_specific_v4_returns_error_for_invalid_payload PASSED [ 44%]
tests/unit/schemas/test_permission_snapshot_v4_internal_contract.py::test_parse_permission_snapshot_type_specific_v4_returns_error_for_unknown_version PASSED [ 45%]
tests/unit/schemas/test_permission_snapshot_v4_internal_contract.py::test_parse_permission_snapshot_type_specific_v4_returns_ok_for_v4 PASSED [ 45%]
tests/unit/schemas/test_permission_snapshot_v4_internal_contract.py::test_normalize_permission_snapshot_type_specific_v4_returns_bucket_for_db_type PASSED [ 45%]
tests/unit/schemas/test_permission_snapshot_v4_internal_contract.py::test_normalize_permission_snapshot_type_specific_v4_returns_empty_dict_for_invalid_shapes PASSED [ 45%]
tests/unit/schemas/test_tags_query.py::test_tags_list_query_defaults PASSED [ 45%]
tests/unit/schemas/test_tags_query.py::test_tags_list_query_normalizes_and_clamps PASSED [ 45%]
tests/unit/schemas/test_tags_query.py::test_tag_options_query_strips_category PASSED [ 46%]
tests/unit/schemas/test_task_run_summary_schema.py::test_summary_base_has_fixed_top_level_keys PASSED [ 46%]
tests/unit/schemas/test_task_run_summary_schema.py::test_summary_validate_task_key_rejects_wrong_ext_type PASSED [ 46%]
tests/unit/schemas/test_users_query.py::test_user_list_filters_query_defaults PASSED [ 46%]
tests/unit/schemas/test_users_query.py::test_user_list_filters_query_normalizes_and_clamps PASSED [ 46%]
tests/unit/schemas/test_users_query.py::test_user_list_filters_query_fallbacks_invalid_sort_order_to_default PASSED [ 46%]
tests/unit/schemas/test_users_query.py::test_user_list_filters_query_coerces_blank_role_and_status_to_none PASSED [ 47%]
tests/unit/schemas/test_validation_error_mapping.py::test_validate_or_raise_uses_original_value_error_message PASSED [ 47%]
tests/unit/schemas/test_validation_error_mapping.py::test_validate_or_raise_maps_message_key_by_field PASSED [ 47%]
tests/unit/schemas/test_validation_error_mapping.py::test_validate_or_raise_respects_schema_message_key PASSED [ 47%]
tests/unit/services/accounts_sync/test_accounts_sync_actions_service_background.py::test_launch_background_sync_logs_when_task_raises PASSED [ 47%]
tests/unit/services/accounts_sync/test_accounts_sync_service_fail_instance_sync_logging.py::test_sync_with_session_logs_when_fail_instance_sync_raises PASSED [ 47%]
tests/unit/services/accounts_sync/test_accounts_sync_service_sync_details_version.py::test_sync_with_session_success_adds_sync_details_version PASSED [ 48%]
tests/unit/services/accounts_sync/test_mysql_adapter_normalize_account.py::test_normalize_account_defaults_permissions_when_missing PASSED [ 48%]
tests/unit/services/accounts_sync/test_mysql_adapter_normalize_account.py::test_normalize_account_accepts_empty_permissions_dict PASSED [ 48%]
tests/unit/services/accounts_sync/test_mysql_adapter_normalize_account.py::test_normalize_account_coerces_invalid_type_specific_to_dict PASSED [ 48%]
tests/unit/services/accounts_sync/test_mysql_adapter_normalize_account.py::test_normalize_account_does_not_override_existing_type_specific_identity PASSED [ 48%]
tests/unit/services/accounts_sync/test_mysql_adapter_roles.py::test_mysql_adapter_fetch_raw_accounts_sets_account_kind_from_is_role PASSED [ 48%]
tests/unit/services/accounts_sync/test_mysql_adapter_roles.py::test_mysql_adapter_enrich_permissions_includes_roles_direct_and_default PASSED [ 49%]
tests/unit/services/accounts_sync/test_mysql_adapter_roles.py::test_mysql_adapter_enrich_permissions_includes_role_members_for_role_accounts PASSED [ 49%]
tests/unit/services/accounts_sync/test_mysql_adapter_roles.py::test_mysql_adapter_fetch_raw_accounts_raises_on_query_failure PASSED [ 49%]
tests/unit/services/accounts_sync/test_mysql_adapter_roles.py::test_mysql_adapter_does_not_assume_is_role_on_mariadb_versions PASSED [ 49%]
tests/unit/services/accounts_sync/test_mysql_adapter_roles.py::test_mysql_adapter_fetch_raw_accounts_falls_back_when_mysql_user_missing_is_role PASSED [ 49%]
tests/unit/services/accounts_sync/test_mysql_adapter_roles.py::test_mysql57_enrich_permissions_skips_roles_tables PASSED [ 50%]
tests/unit/services/accounts_sync/test_oracle_adapter_normalize_account.py::test_normalize_account_defaults_permissions_when_missing PASSED [ 50%]
tests/unit/services/accounts_sync/test_oracle_adapter_normalize_account.py::test_normalize_account_coerces_invalid_permission_shapes PASSED [ 50%]
tests/unit/services/accounts_sync/test_postgresql_adapter_normalize_account.py::test_normalize_account_defaults_permissions_when_missing PASSED [ 50%]
tests/unit/services/accounts_sync/test_postgresql_adapter_normalize_account.py::test_normalize_account_coerces_invalid_permission_shapes PASSED [ 50%]
tests/unit/services/accounts_sync/test_sqlserver_adapter_normalize_account.py::test_normalize_account_defaults_permissions_when_missing PASSED [ 50%]
tests/unit/services/test_account_classification_dsl_v4.py::test_dsl_v4_validation_accepts_minimal_expression PASSED [ 51%]
tests/unit/services/test_account_classification_dsl_v4.py::test_dsl_v4_evaluator_short_circuits_or PASSED [ 51%]
tests/unit/services/test_account_classification_dsl_v4.py::test_dsl_v4_evaluator_short_circuits_and PASSED [ 51%]
tests/unit/services/test_account_classification_dsl_v4.py::test_dsl_v4_evaluator_reports_missing_args PASSED [ 51%]
tests/unit/services/test_account_classification_dsl_v4.py::test_dsl_v4_has_privilege_supports_scopes PASSED [ 51%]
tests/unit/services/test_account_classification_orchestrator_dsl_guard.py::test_orchestrator_accepts_dsl_v4_rules PASSED [ 51%]
tests/unit/services/test_account_classification_orchestrator_dsl_guard.py::test_orchestrator_rejects_legacy_rule_expressions PASSED [ 52%]
tests/unit/services/test_account_classification_write_service.py::test_create_classification_flags_duplicate_code PASSED [ 52%]
tests/unit/services/test_account_classification_write_service.py::test_create_classification_succeeds PASSED [ 52%]
tests/unit/services/test_account_classification_write_service.py::test_create_classification_rejects_non_integer_priority PASSED [ 52%]
tests/unit/services/test_account_classification_write_service.py::test_update_classification_rejects_non_integer_priority PASSED [ 52%]
tests/unit/services/test_account_classification_write_service.py::test_update_classification_rejects_code_change PASSED [ 52%]
tests/unit/services/test_account_classification_write_service.py::test_update_classification_allows_display_name_change PASSED [ 53%]
tests/unit/services/test_account_classification_write_service.py::test_update_system_classification_rejects_risk_level_change PASSED [ 53%]
tests/unit/services/test_account_permission_manager.py::test_apply_permissions_writes_snapshot PASSED [ 53%]
tests/unit/services/test_account_permission_manager.py::test_apply_permissions_raises_when_facts_builder_fails PASSED [ 53%]
tests/unit/services/test_account_permission_manager.py::test_apply_permissions_writes_roles_into_categories PASSED [ 53%]
tests/unit/services/test_account_permission_manager.py::test_process_existing_permission_raises_when_snapshot_missing PASSED [ 53%]
tests/unit/services/test_account_permission_manager.py::test_find_permission_record_raises_when_instance_account_id_missing PASSED [ 54%]
tests/unit/services/test_account_permission_manager.py::test_calculate_diff_uses_snapshot_view_not_legacy_columns PASSED [ 54%]
tests/unit/services/test_accounts_ledger_change_history_service.py::test_get_change_history_strips_redundant_username_prefix_in_message PASSED [ 54%]
tests/unit/services/test_accounts_ledger_change_history_service.py::test_get_change_history_returns_minimal_payload_for_add PASSED [ 54%]
tests/unit/services/test_aggregation_service_no_cover_branches.py::test_commit_with_partition_retry_wraps_unknown_flush_error PASSED [ 54%]
tests/unit/services/test_aggregation_service_no_cover_branches.py::test_execute_instance_period_returns_failed_summary_when_executor_raises PASSED [ 54%]
tests/unit/services/test_aggregation_service_no_cover_branches.py::test_aggregate_database_periods_marks_failed_when_method_raises PASSED [ 55%]
tests/unit/services/test_aggregation_service_periods.py::test_aggregate_database_periods_uses_previous_daily PASSED [ 55%]
tests/unit/services/test_aggregation_service_periods.py::test_instance_aggregations_daily_override PASSED [ 55%]
tests/unit/services/test_aggregation_tasks_read_service_period_completeness.py::test_has_aggregation_for_period_requires_all_active_instances PASSED [ 55%]
tests/unit/services/test_aggregation_tasks_read_service_period_completeness.py::test_has_aggregation_for_period_returns_true_when_fully_covered PASSED [ 55%]
tests/unit/services/test_alembic_single_head_contract.py::test_alembic_migration_history_has_single_head PASSED [ 56%]
tests/unit/services/test_auto_classify_actions_service_background.py::test_launch_background_auto_classify_logs_when_task_raises PASSED [ 56%]
tests/unit/services/test_base_capacity_adapter_utils.py::test_safe_to_float_invalid_input_returns_zero PASSED [ 56%]
tests/unit/services/test_cache_fallback_observability.py::test_cache_manager_get_failure_logs_fallback PASSED [ 56%]
tests/unit/services/test_cache_fallback_observability.py::test_cache_manager_set_failure_logs_fallback PASSED [ 56%]
tests/unit/services/test_cache_fallback_observability.py::test_cache_manager_delete_failure_logs_fallback PASSED [ 56%]
tests/unit/services/test_cache_fallback_observability.py::test_cache_manager_set_ttl_zero_is_preserved PASSED [ 57%]
tests/unit/services/test_cache_fallback_observability.py::test_cache_actions_classification_stats_are_derived_from_all_rules_cache PASSED [ 57%]
tests/unit/services/test_capacity_aggregation_task_runner_no_cover_branches.py::test_calculate_instance_aggregation_logs_when_service_raises PASSED [ 57%]
tests/unit/services/test_capacity_collection_actions_service_background.py::test_launch_background_collection_logs_when_task_raises PASSED [ 57%]
tests/unit/services/test_capacity_collection_task_runner_sync_details_version.py::test_capacity_runner_sync_inventory_adds_sync_details_version PASSED [ 57%]
tests/unit/services/test_capacity_current_aggregation_actions_service_background.py::test_launch_background_aggregation_logs_when_task_raises PASSED [ 57%]
tests/unit/services/test_classification_rule_write_service.py::test_validate_accepts_builtin_db_types PASSED [ 58%]
tests/unit/services/test_classification_rule_write_service.py::test_validate_blocks_duplicate_rules PASSED [ 58%]
tests/unit/services/test_classification_rule_write_service.py::test_update_rule_does_not_overwrite_is_active_when_missing PASSED [ 58%]
tests/unit/services/test_classification_rule_write_service.py::test_update_rule_blocks_classification_change PASSED [ 58%]
tests/unit/services/test_classification_rule_write_service.py::test_update_rule_blocks_db_type_change PASSED [ 58%]
tests/unit/services/test_classification_rule_write_service.py::test_update_rule_does_not_create_new_version_when_expression_is_same PASSED [ 58%]
tests/unit/services/test_classification_rule_write_service.py::test_update_rule_creates_new_version_when_expression_changes PASSED [ 59%]
tests/unit/services/test_connection_factory_test_connection_contract.py::test_adapter_test_connection_connect_failure_includes_message PASSED [ 59%]
tests/unit/services/test_connection_factory_test_connection_contract.py::test_adapter_test_connection_exception_includes_message PASSED [ 59%]
tests/unit/services/test_dashboard_overview_service.py::test_dashboard_overview_uses_instance_total_that_includes_deleted PASSED [ 59%]
tests/unit/services/test_database_aggregation_runner_no_cover_branches.py::test_invoke_callback_logs_warning_when_callback_raises PASSED [ 59%]
tests/unit/services/test_database_aggregation_runner_no_cover_branches.py::test_aggregate_period_logs_error_when_instance_aggregation_raises PASSED [ 59%]
tests/unit/services/test_database_aggregation_runner_no_cover_branches.py::test_apply_change_statistics_sets_default_values_when_calculation_raises PASSED [ 60%]
tests/unit/services/test_database_ledger_service.py::test_format_size_handles_megabytes PASSED [ 60%]
tests/unit/services/test_database_ledger_service.py::test_resolve_sync_status_recent PASSED [ 60%]
tests/unit/services/test_database_ledger_service.py::test_resolve_sync_status_timeout PASSED [ 60%]
tests/unit/services/test_database_statistics_read_service.py::test_database_statistics_read_service_builds_statistics PASSED [ 60%]
tests/unit/services/test_database_statistics_read_service.py::test_database_statistics_read_service_returns_empty_payload_when_no_rows PASSED [ 60%]
tests/unit/services/test_database_statistics_repository.py::test_database_statistics_repository_distinguishes_inactive_and_deleted_databases PASSED [ 61%]
tests/unit/services/test_database_statistics_repository.py::test_database_statistics_repository_includes_disabled_instances_and_excludes_deleted_instances PASSED [ 61%]
tests/unit/services/test_email_alert_digest_service.py::test_email_alert_digest_service_sends_pending_events_and_marks_sent PASSED [ 61%]
tests/unit/services/test_email_alert_digest_service.py::test_email_alert_digest_service_reports_skip_structure_when_no_pending_events PASSED [ 61%]
tests/unit/services/test_email_alert_digest_service.py::test_email_alert_digest_service_distinguishes_already_sent_from_no_event PASSED [ 61%]
tests/unit/services/test_email_alert_digest_service.py::test_email_alert_digest_service_renders_backup_issue_events PASSED [ 62%]
tests/unit/services/test_email_alert_event_service.py::test_email_alert_event_service_uses_recent_baseline_within_three_days PASSED [ 62%]
tests/unit/services/test_email_alert_event_service.py::test_email_alert_event_service_skips_capacity_alert_without_recent_baseline PASSED [ 62%]
tests/unit/services/test_email_alert_event_service.py::test_email_alert_event_service_records_backup_issue_events_for_not_backed_up_and_stale_instances PASSED [ 62%]
tests/unit/services/test_email_alert_settings_service.py::test_email_alert_settings_service_send_test_email_uses_given_recipients PASSED [ 62%]
tests/unit/services/test_filter_options_service_cache.py::test_filter_options_service_caches_instance_select_options_empty_list PASSED [ 62%]
tests/unit/services/test_filter_options_service_cache.py::test_filter_options_service_instance_select_options_cache_key_varies_by_db_type PASSED [ 63%]
tests/unit/services/test_filter_options_service_cache.py::test_filter_options_service_instance_select_options_cache_key_normalizes_multi_db_type_order PASSED [ 63%]
tests/unit/services/test_history_account_change_logs_read_service.py::test_list_logs_returns_minimal_message_and_no_diffs_for_add PASSED [ 63%]
tests/unit/services/test_history_account_change_logs_read_service.py::test_get_log_detail_returns_minimal_payload_for_add PASSED [ 63%]
tests/unit/services/test_instance_aggregation_runner_no_cover_branches.py::test_invoke_callback_logs_warning_when_callback_raises PASSED [ 63%]
tests/unit/services/test_instance_aggregation_runner_no_cover_branches.py::test_aggregate_period_logs_error_when_query_stats_raises PASSED [ 63%]
tests/unit/services/test_instance_aggregation_runner_no_cover_branches.py::test_persist_instance_aggregation_wraps_sqlalchemy_error PASSED [ 64%]
tests/unit/services/test_instance_aggregation_runner_no_cover_branches.py::test_persist_instance_aggregation_wraps_unknown_commit_error PASSED [ 64%]
tests/unit/services/test_instance_aggregation_runner_no_cover_branches.py::test_apply_change_statistics_sets_defaults_when_calculation_raises PASSED [ 64%]
tests/unit/services/test_instance_audit_sync_actions_service.py::test_instance_audit_sync_actions_service_persists_snapshot_and_session PASSED [ 64%]
tests/unit/services/test_instance_audit_sync_actions_service.py::test_instance_audit_sync_actions_service_rejects_unsupported_db_type PASSED [ 64%]
tests/unit/services/test_instance_audit_sync_actions_service.py::test_instance_audit_sync_actions_service_keeps_completed_session_for_partial_success PASSED [ 64%]
tests/unit/services/test_instance_audit_sync_actions_service.py::test_instance_audit_sync_actions_service_allows_disabled_instance_for_manual_sync PASSED [ 65%]
tests/unit/services/test_instance_batch_deletion_service_schema_usage.py::test_instance_batch_deletion_service_uses_parse_payload PASSED [ 65%]
tests/unit/services/test_instance_batch_deletion_service_schema_usage.py::test_instance_batch_deletion_service_uses_validate_or_raise PASSED [ 65%]
tests/unit/services/test_instance_connections_write_service_schema_usage.py::test_instance_connections_write_service_parse_connection_test_payload_uses_parse_payload PASSED [ 65%]
tests/unit/services/test_instance_connections_write_service_schema_usage.py::test_instance_connections_write_service_parse_connection_test_payload_uses_validate_or_raise PASSED [ 65%]
tests/unit/services/test_instance_connections_write_service_schema_usage.py::test_instance_connections_write_service_parse_connection_test_payload_rejects_empty_payload PASSED [ 65%]
tests/unit/services/test_instance_connections_write_service_schema_usage.py::test_instance_connections_write_service_parse_batch_test_payload_rejects_too_many_instance_ids PASSED [ 66%]
tests/unit/services/test_instance_list_service_audit_status.py::test_instance_list_service_derives_audit_status_from_snapshot_facts[sqlserver-facts0-enabled] PASSED [ 66%]
tests/unit/services/test_instance_list_service_audit_status.py::test_instance_list_service_derives_audit_status_from_snapshot_facts[sqlserver-facts1-configured_disabled] PASSED [ 66%]
tests/unit/services/test_instance_list_service_audit_status.py::test_instance_list_service_derives_audit_status_from_snapshot_facts[sqlserver-facts2-not_configured] PASSED [ 66%]
tests/unit/services/test_instance_list_service_audit_status.py::test_instance_list_service_derives_audit_status_from_snapshot_facts[mysql-None-not_configured] PASSED [ 66%]
tests/unit/services/test_instance_state_semantics.py::test_instance_write_service_soft_delete_disables_and_restore_reenables PASSED [ 67%]
tests/unit/services/test_instance_state_semantics.py::test_instance_batch_soft_delete_disables_instance PASSED [ 67%]
tests/unit/services/test_instance_statistics_read_service.py::test_instance_statistics_read_service_builds_statistics_with_current_instances PASSED [ 67%]
tests/unit/services/test_instance_statistics_read_service.py::test_instance_statistics_read_service_empty_statistics_includes_current_instances PASSED [ 67%]
tests/unit/services/test_instance_statistics_repository.py::test_instance_statistics_repository_counts_total_current_active_inactive_and_deleted_instances PASSED [ 67%]
tests/unit/services/test_instance_statistics_repository.py::test_instance_statistics_repository_counts_enabled_audit_and_non_standalone_architecture_as_ha PASSED [ 67%]
tests/unit/services/test_instance_statistics_repository.py::test_instance_statistics_repository_counts_managed_and_backup_status_for_current_instances PASSED [ 68%]
tests/unit/services/test_instance_write_service_tag_names.py::test_instance_schema_coerces_tag_names_string_to_list PASSED [ 68%]
tests/unit/services/test_instance_write_service_tag_names.py::test_instance_schema_accepts_tag_names_list PASSED [ 68%]
tests/unit/services/test_jumpserver_provider.py::test_http_jumpserver_provider_requests_assets_with_signature_headers_and_paginates PASSED [ 68%]
tests/unit/services/test_jumpserver_provider.py::test_http_jumpserver_provider_skips_assets_missing_required_fields PASSED [ 68%]
tests/unit/services/test_jumpserver_provider.py::test_http_jumpserver_provider_normalizes_api_docs_url_to_site_root PASSED [ 68%]
tests/unit/services/test_jumpserver_provider.py::test_http_jumpserver_provider_allows_per_request_ssl_verification_override PASSED [ 69%]
tests/unit/services/test_jumpserver_provider.py::test_http_jumpserver_provider_allows_per_request_org_id_override PASSED [ 69%]
tests/unit/services/test_jumpserver_provider.py::test_http_jumpserver_provider_surfaces_http_error_status_url_and_response_body PASSED [ 69%]
tests/unit/services/test_jumpserver_provider.py::test_http_jumpserver_provider_surfaces_url_error_with_request_url_and_reason PASSED [ 69%]
tests/unit/services/test_jumpserver_sync_actions_service_contract.py::test_prepare_background_sync_uses_system_settings_anchor PASSED [ 69%]
tests/unit/services/test_jumpserver_sync_actions_service_contract.py::test_sync_once_writes_snapshots_updates_binding_and_finalizes_task_run PASSED [ 69%]
tests/unit/services/test_jumpserver_sync_actions_service_contract.py::test_sync_once_failure_marks_binding_and_task_run_failed_and_preserves_existing_snapshots PASSED [ 70%]
tests/unit/services/test_login_service_schema_usage.py::test_login_service_login_from_payload_uses_parse_payload PASSED [ 70%]
tests/unit/services/test_login_service_schema_usage.py::test_login_service_login_from_payload_uses_validate_or_raise PASSED [ 70%]
tests/unit/services/test_login_service_schema_usage.py::test_login_service_login_from_payload_rejects_missing_username_or_password PASSED [ 70%]
tests/unit/services/test_mysql_capacity_adapter_exception_logging.py::test_mysql_fetch_capacity_logs_and_reraises_when_tablespace_collection_fails PASSED [ 70%]
tests/unit/services/test_oracle_connection_adapter_is_thin_fallback.py::test_oracle_connection_is_thin_probe_failure_logs_fallback PASSED [ 70%]
tests/unit/services/test_oracle_table_size_adapter.py::test_oracle_table_size_adapter_fallback_to_sys_dba_segments PASSED [ 71%]
tests/unit/services/test_oracle_table_size_adapter.py::test_oracle_table_size_adapter_missing_privileges_raises_value_error PASSED [ 71%]
tests/unit/services/test_oracle_table_size_adapter.py::test_oracle_table_size_adapter_empty_result_without_tablespace_check_raises_value_error PASSED [ 71%]
tests/unit/services/test_partition_management_service_cleanup.py::test_partition_management_service_does_not_expose_create_future_partitions PASSED [ 71%]
tests/unit/services/test_partition_management_service_cleanup.py::test_create_partition_does_not_create_partition_indexes PASSED [ 71%]
tests/unit/services/test_partition_management_service_cleanup_schema_usage.py::test_partition_management_service_cleanup_old_partitions_from_payload_uses_parse_payload PASSED [ 71%]
tests/unit/services/test_partition_management_service_cleanup_schema_usage.py::test_partition_management_service_cleanup_old_partitions_from_payload_uses_validate_or_raise PASSED [ 72%]
tests/unit/services/test_partition_management_service_create_partition_schema_usage.py::test_partition_management_service_create_partition_from_payload_uses_parse_payload PASSED [ 72%]
tests/unit/services/test_partition_management_service_create_partition_schema_usage.py::test_partition_management_service_create_partition_from_payload_uses_validate_or_raise PASSED [ 72%]
tests/unit/services/test_partition_management_service_create_partition_schema_usage.py::test_partition_management_service_create_partition_from_payload_rejects_past_month PASSED [ 72%]
tests/unit/services/test_partition_management_service_no_cover_branches.py::test_create_partition_logs_and_reports_failure_when_create_partition_table_raises PASSED [ 72%]
tests/unit/services/test_partition_management_service_no_cover_branches.py::test_cleanup_old_partitions_logs_and_reports_failure_when_drop_partition_table_raises PASSED [ 73%]
tests/unit/services/test_partition_management_service_no_cover_branches.py::test_get_table_partitions_skips_bad_row_when_extract_date_raises PASSED [ 73%]
tests/unit/services/test_partition_read_service_missing_partitions.py::test_partition_read_service_only_checks_current_and_next_month PASSED [ 73%]
tests/unit/services/test_permission_facts_builder.py::test_build_permission_facts_sqlserver_includes_database_roles_in_roles PASSED [ 73%]
tests/unit/services/test_permission_facts_builder.py::test_build_permission_facts_sqlserver_does_not_treat_is_disabled_as_locked PASSED [ 73%]
tests/unit/services/test_permission_facts_builder.py::test_build_permission_facts_sqlserver_adds_locked_for_connect_denied PASSED [ 73%]
tests/unit/services/test_permission_facts_builder.py::test_build_permission_facts_postgresql_maps_role_attributes_to_capabilities PASSED [ 74%]
tests/unit/services/test_permission_facts_builder.py::test_build_permission_facts_includes_internal_contract_error_in_meta PASSED [ 74%]
tests/unit/services/test_permission_facts_builder.py::test_build_permission_facts_includes_internal_contract_error_when_version_is_not_int PASSED [ 74%]
tests/unit/services/test_permission_facts_builder.py::test_build_permission_facts_includes_type_specific_contract_error_when_shape_invalid PASSED [ 74%]
tests/unit/services/test_permission_facts_builder.py::test_build_permission_facts_mysql_roles_include_direct_and_default PASSED [ 74%]
tests/unit/services/test_permission_facts_builder.py::test_build_permission_facts_mysql_role_does_not_add_locked PASSED [ 74%]
tests/unit/services/test_permission_snapshot_view.py::test_permission_snapshot_view_returns_snapshot_when_present PASSED [ 75%]
tests/unit/services/test_permission_snapshot_view.py::test_permission_snapshot_view_does_not_fallback_to_legacy_columns PASSED [ 75%]
tests/unit/services/test_scheduler_actions_service_background_error_logging.py::test_run_job_in_background_logs_when_job_func_raises PASSED [ 75%]
tests/unit/services/test_scheduler_builtin_task_identity_contract.py::test_scheduler_builtin_task_ids_and_functions_use_short_names PASSED [ 75%]
tests/unit/services/test_scheduler_builtin_task_identity_contract.py::test_scheduler_default_task_loading_adds_missing_tasks_without_replacing_existing PASSED [ 75%]
tests/unit/services/test_scheduler_job_write_service_schema_usage.py::test_scheduler_job_write_service_upsert_uses_parse_payload PASSED [ 75%]
tests/unit/services/test_scheduler_job_write_service_schema_usage.py::test_scheduler_job_write_service_upsert_uses_validate_or_raise PASSED [ 76%]
tests/unit/services/test_scheduler_job_write_service_type_checking_guard.py::test_scheduler_job_write_service_type_checking_guard_sets_job_types_to_object PASSED [ 76%]
tests/unit/services/test_sqlserver_adapter_permissions.py::test_aggregate_database_permissions_writes_entries PASSED [ 76%]
tests/unit/services/test_sqlserver_adapter_permissions.py::test_get_all_users_database_permissions_batch_uses_database_batches PASSED [ 76%]
tests/unit/services/test_sqlserver_adapter_permissions.py::test_fetch_raw_accounts_collects_sqlserver_login_status_fields PASSED [ 76%]
tests/unit/services/test_sqlserver_adapter_permissions.py::test_get_server_roles_bulk_uses_escaped_literal_cte_without_openjson PASSED [ 76%]
tests/unit/services/test_sqlserver_adapter_permissions.py::test_enrich_permissions_supports_sqlserver_without_openjson PASSED [ 77%]
tests/unit/services/test_sqlserver_adapter_permissions.py::test_normalize_account_does_not_infer_sqlserver_is_locked_from_type_specific PASSED [ 77%]
tests/unit/services/test_sqlserver_adapter_permissions.py::test_normalize_account_does_not_infer_sqlserver_is_locked_from_is_disabled PASSED [ 77%]
tests/unit/services/test_sqlserver_audit_info_sync_service.py::test_build_sqlserver_audit_facts_counts_targets_and_specs PASSED [ 77%]
tests/unit/services/test_sqlserver_audit_info_sync_service.py::test_build_sqlserver_audit_facts_marks_empty_snapshot_without_audit PASSED [ 77%]
tests/unit/services/test_sqlserver_audit_info_sync_service.py::test_collect_server_audits_uses_log_file_path_column PASSED [ 78%]
tests/unit/services/test_sqlserver_audit_info_sync_service.py::test_collect_database_audit_specifications_builds_object_display_text PASSED [ 78%]
tests/unit/services/test_sqlserver_audit_info_sync_service.py::test_collect_snapshot_keeps_server_level_data_when_one_database_fails PASSED [ 78%]
tests/unit/services/test_sync_session_service_cleanup.py::test_clean_sync_details_rejects_missing_version PASSED [ 78%]
tests/unit/services/test_sync_session_service_cleanup.py::test_create_session_disallows_custom_session_id PASSED [ 78%]
tests/unit/services/test_sync_session_service_cleanup.py::test_add_instance_records_rejects_missing_instance_ids PASSED [ 78%]
tests/unit/services/test_sync_session_service_cleanup.py::test_complete_instance_sync_raises_on_write_error PASSED [ 79%]
tests/unit/services/test_sync_session_service_cleanup.py::test_fail_instance_sync_raises_on_write_error PASSED [ 79%]
tests/unit/services/test_sync_session_service_cleanup.py::test_get_session_records_raises_on_query_error PASSED [ 79%]
tests/unit/services/test_sync_session_service_cleanup.py::test_get_session_by_id_raises_on_query_error PASSED [ 79%]
tests/unit/services/test_sync_session_service_cleanup.py::test_cancel_session_returns_false_when_session_not_running PASSED [ 79%]
tests/unit/services/test_sync_session_service_cleanup.py::test_start_instance_sync_raises_when_record_missing PASSED [ 79%]
tests/unit/services/test_sync_session_service_cleanup.py::test_start_instance_sync_raises_on_write_error PASSED [ 80%]
tests/unit/services/test_sync_session_service_cleanup.py::test_complete_instance_sync_raises_when_record_missing PASSED [ 80%]
tests/unit/services/test_sync_session_service_cleanup.py::test_fail_instance_sync_raises_when_record_missing PASSED [ 80%]
tests/unit/services/test_tag_write_service_batch_delete_error_logging.py::test_tag_write_service_batch_delete_logs_when_delete_fails PASSED [ 80%]
tests/unit/services/test_tag_write_service_batch_delete_schema_usage.py::test_tag_write_service_batch_delete_from_payload_uses_parse_payload PASSED [ 80%]
tests/unit/services/test_tag_write_service_batch_delete_schema_usage.py::test_tag_write_service_batch_delete_from_payload_uses_validate_or_raise PASSED [ 80%]
tests/unit/services/test_task_run_filter_labels_contract.py::test_task_run_filter_labels_use_alert_and_short_source_labels PASSED [ 81%]
tests/unit/services/test_task_run_summary_actions_service_envelope.py::test_prepare_background_auto_classify_uses_summary_envelope PASSED [ 81%]
tests/unit/services/test_task_run_summary_actions_service_envelope.py::test_prepare_background_capacity_aggregate_current_uses_summary_envelope PASSED [ 81%]
tests/unit/services/test_task_run_summary_builders.py::test_build_sync_accounts_summary_has_common_metrics_and_ext_data PASSED [ 81%]
tests/unit/services/test_task_run_summary_builders.py::test_build_sync_databases_summary_has_ext_data PASSED [ 81%]
tests/unit/services/test_task_run_summary_builders.py::test_build_calculate_database_aggregations_summary_has_periods PASSED [ 81%]
tests/unit/services/test_task_run_summary_builders.py::test_build_calculate_account_classification_summary_has_scope_time PASSED [ 82%]
tests/unit/services/test_task_run_summary_builders.py::test_build_auto_classify_accounts_summary_has_ext_data PASSED [ 82%]
tests/unit/services/test_task_run_summary_builders.py::test_build_capacity_aggregate_current_summary_has_ext_data PASSED [ 82%]
tests/unit/services/test_task_run_summary_builders.py::test_build_sync_jumpserver_assets_summary_has_asset_counts PASSED [ 82%]
tests/unit/services/test_task_run_summary_builders.py::test_build_sync_veeam_backups_summary_has_coverage_counts PASSED [ 82%]
tests/unit/services/test_task_runs_read_service.py::test_task_runs_read_service_list_runs_returns_paginated_items PASSED [ 82%]
tests/unit/services/test_task_runs_write_service.py::test_task_runs_write_service_start_run_creates_task_run PASSED [ 83%]
tests/unit/services/test_task_runs_write_service.py::test_task_runs_write_service_start_run_rejects_raw_dict_summary PASSED [ 83%]
tests/unit/services/test_task_runs_write_service.py::test_task_runs_write_service_init_items_creates_pending_items_and_updates_total PASSED [ 83%]
tests/unit/services/test_task_runs_write_service.py::test_task_runs_write_service_finalize_run_aggregates_item_statuses PASSED [ 83%]
tests/unit/services/test_task_runs_write_service.py::test_task_runs_write_service_cancel_run_marks_pending_running_items_cancelled PASSED [ 83%]
tests/unit/services/test_task_runs_write_service.py::test_task_runs_write_service_serializes_date_values_in_json_columns PASSED [ 84%]
tests/unit/services/test_user_write_service.py::test_update_prevents_disabling_last_admin PASSED [ 84%]
tests/unit/services/test_user_write_service.py::test_update_allows_change_when_other_admin_exists PASSED [ 84%]
tests/unit/services/test_user_write_service.py::test_create_returns_username_exists_message_key PASSED [ 84%]
tests/unit/services/test_user_write_service.py::test_user_write_service_supports_default_repository PASSED [ 84%]
tests/unit/services/test_user_write_service.py::test_update_requires_is_active_field PASSED [ 84%]
tests/unit/services/test_veeam_provider.py::test_http_veeam_provider_requests_backups_first_then_restore_points_across_next_links PASSED [ 85%]
tests/unit/services/test_veeam_provider.py::test_http_veeam_provider_uses_token_timeout_separately_from_data_timeout PASSED [ 85%]
tests/unit/services/test_veeam_provider.py::test_http_veeam_provider_retries_token_timeout_then_continues PASSED [ 85%]
tests/unit/services/test_veeam_provider.py::test_http_veeam_provider_raises_token_timeout_after_retry_attempts PASSED [ 85%]
tests/unit/services/test_veeam_provider.py::test_http_veeam_provider_uses_backup_page_metadata_when_next_link_missing PASSED [ 85%]
tests/unit/services/test_veeam_provider.py::test_http_veeam_provider_uses_skip_limit_pagination_metadata_for_backups PASSED [ 85%]
tests/unit/services/test_veeam_provider.py::test_http_veeam_provider_requests_backup_objects_with_large_default_limit PASSED [ 86%]
tests/unit/services/test_veeam_provider.py::test_http_veeam_provider_reads_backup_objects_limit_from_flask_config PASSED [ 86%]
tests/unit/services/test_veeam_provider.py::test_http_veeam_provider_skips_unmatched_backups_before_fetching_restore_points PASSED [ 86%]
tests/unit/services/test_veeam_provider.py::test_http_veeam_provider_fetch_restore_point_records_skips_timeout_and_preserves_progress PASSED [ 86%]
tests/unit/services/test_veeam_provider.py::test_http_veeam_provider_surfaces_timeout_with_url_and_timeout_seconds PASSED [ 86%]
tests/unit/services/test_veeam_provider.py::test_http_veeam_provider_fetch_backup_file_items_tracks_progress_and_normalizes_metrics PASSED [ 86%]
tests/unit/services/test_veeam_provider.py::test_http_veeam_provider_fetch_backup_file_items_skips_timeout_and_preserves_progress PASSED [ 87%]
tests/unit/services/test_veeam_sync_actions_service_contract.py::test_prepare_background_sync_uses_system_settings_anchor PASSED [ 87%]
tests/unit/services/test_veeam_sync_actions_service_contract.py::test_launch_background_sync_runs_sync_task_with_prepared_run_id PASSED [ 87%]
tests/unit/services/test_veeam_sync_actions_service_contract.py::test_sync_once_writes_latest_machine_snapshots_updates_binding_and_finalizes_task_run PASSED [ 87%]
tests/unit/services/test_veeam_sync_actions_service_contract.py::test_sync_once_logs_candidate_pool_and_unmatched_backup_summary PASSED [ 87%]
tests/unit/services/test_veeam_sync_actions_service_contract.py::test_sync_once_accepts_snapshot_without_enrichment_fields PASSED [ 87%]
tests/unit/services/test_veeam_sync_actions_service_contract.py::test_sync_once_completes_with_partial_success_when_restore_points_timeout_is_skipped PASSED [ 88%]
tests/unit/services/test_veeam_sync_actions_service_contract.py::test_sync_once_completes_when_backup_files_timeout_is_skipped PASSED [ 88%]
tests/unit/services/test_veeam_sync_actions_service_contract.py::test_sync_once_marks_restore_points_stage_failed_with_progress_details PASSED [ 88%]
tests/unit/services/test_yaml_config_validation_filters.py::test_account_filters_yaml_validated_at_entry PASSED [ 88%]
tests/unit/services/test_yaml_config_validation_filters.py::test_account_filters_yaml_invalid_schema_raises_value_error PASSED [ 88%]
tests/unit/services/test_yaml_config_validation_filters.py::test_database_filters_yaml_validated_at_entry PASSED [ 89%]
tests/unit/services/test_yaml_config_validation_filters.py::test_database_filters_yaml_invalid_schema_raises_value_error PASSED [ 89%]
tests/unit/services/test_yaml_config_validation_filters.py::test_database_filters_yaml_invalid_syntax_raises_value_error PASSED [ 89%]
tests/unit/services/test_yaml_config_validation_scheduler_tasks.py::test_read_default_task_configs_validates_and_canonicalizes PASSED [ 89%]
tests/unit/services/test_yaml_config_validation_scheduler_tasks.py::test_read_default_task_configs_raises_value_error_when_schema_invalid PASSED [ 89%]
tests/unit/sql/test_sqlserver_monitor_user_script.py::test_sqlserver_monitor_user_script_documents_audit_catalog_permissions PASSED [ 89%]
tests/unit/tasks/test_accounts_sync_tasks_sync_details_version.py::test_accounts_sync_task_single_instance_success_adds_sync_details_version PASSED [ 90%]
tests/unit/tasks/test_capacity_aggregation_tasks_no_cover_branches.py::test_handle_aggregation_task_exception_suppresses_rollback_errors PASSED [ 90%]
tests/unit/tasks/test_capacity_collection_tasks_no_cover_branches.py::test_process_instance_with_fallback_rolls_back_and_marks_failed PASSED [ 90%]
tests/unit/tasks/test_capacity_collection_tasks_no_cover_branches.py::test_sync_databases_unclassified_exception_finalizes_run PASSED [ 90%]
tests/unit/tasks/test_email_alert_tasks.py::test_email_alert_skips_send_step_when_no_pending_events PASSED [ 90%]
tests/unit/tasks/test_veeam_backup_sync_tasks.py::test_sync_veeam_backups_commits_prepared_run_before_sync_once PASSED [ 90%]
tests/unit/tasks/test_veeam_backup_sync_tasks.py::test_sync_veeam_backups_logs_entry_context PASSED [ 91%]
tests/unit/test_frontend_capacity_instance_filter_contract.py::test_capacity_chart_manager_uses_instance_assets_in_multiselect_options PASSED [ 91%]
tests/unit/test_frontend_capacity_instance_filter_contract.py::test_capacity_filter_styles_keep_instance_multiselect_single_line PASSED [ 91%]
tests/unit/test_frontend_filter_card_width_presets_contract.py::test_filter_macros_use_width_presets_and_drop_col_class PASSED [ 91%]
tests/unit/test_frontend_filter_card_width_presets_contract.py::test_filter_templates_switch_to_width_presets PASSED [ 91%]
tests/unit/test_frontend_filter_card_width_presets_contract.py::test_instances_list_uses_nowrap_filter_layout_and_explicit_presets PASSED [ 91%]
tests/unit/test_frontend_filter_card_width_presets_contract.py::test_filter_common_css_defines_width_presets_and_nowrap_layout PASSED [ 92%]
tests/unit/test_frontend_instance_list_filters_contract.py::test_instance_list_template_exposes_audit_managed_and_backup_filters PASSED [ 92%]
tests/unit/test_frontend_instance_list_filters_contract.py::test_instance_list_js_syncs_audit_managed_and_backup_filters PASSED [ 92%]
tests/unit/test_frontend_remaining_filter_surfaces_contract.py::test_account_classification_statistics_template_uses_width_presets PASSED [ 92%]
tests/unit/test_frontend_remaining_filter_surfaces_contract.py::test_instance_detail_filter_bands_use_shared_filter_band_semantics FAILED [ 92%]
tests/unit/test_frontend_remaining_filter_surfaces_contract.py::test_filter_docs_use_width_preset_language PASSED [ 92%]
tests/unit/test_settings_cache_options_ttl.py::test_settings_cache_options_ttl_can_be_overridden PASSED [ 93%]
tests/unit/test_settings_cache_options_ttl.py::test_settings_cache_options_ttl_rejects_negative PASSED [ 93%]
tests/unit/test_settings_database_url_policy.py::test_settings_fails_fast_when_database_url_missing_in_production PASSED [ 93%]
tests/unit/test_settings_database_url_policy.py::test_settings_does_not_mutate_dyld_library_path PASSED [ 93%]
tests/unit/test_settings_database_url_policy.py::test_settings_does_not_log_database_url_when_sqlite_fallback PASSED [ 93%]
tests/unit/test_settings_email_alerts.py::test_settings_loads_mail_alert_env PASSED [ 93%]
tests/unit/test_settings_enable_scheduler_flag.py::test_settings_enable_scheduler_can_be_disabled PASSED [ 94%]
tests/unit/test_settings_enable_scheduler_flag.py::test_settings_loads_veeam_backup_objects_limit PASSED [ 94%]
tests/unit/test_settings_enable_scheduler_flag.py::test_settings_loads_veeam_token_timeout_and_retry_controls PASSED [ 94%]
tests/unit/test_settings_password_encryption_key_validation.py::test_settings_fails_fast_when_password_encryption_key_invalid PASSED [ 94%]
tests/unit/types/test_request_payload.py::test_parse_payload_multidict_trims_strings_by_default PASSED [ 94%]
tests/unit/types/test_request_payload.py::test_parse_payload_multidict_preserves_password_raw_value PASSED [ 95%]
tests/unit/types/test_request_payload.py::test_parse_payload_multidict_list_fields_are_always_list PASSED [ 95%]
tests/unit/types/test_request_payload.py::test_parse_payload_multidict_non_list_fields_take_last_value PASSED [ 95%]
tests/unit/types/test_request_payload.py::test_parse_payload_mapping_list_field_accepts_scalar_and_list PASSED [ 95%]
tests/unit/types/test_request_payload.py::test_parse_payload_sets_missing_boolean_fields_to_false_for_multidict PASSED [ 95%]
tests/unit/types/test_request_payload.py::test_parse_payload_guard_allows_single_call_per_request PASSED [ 95%]
tests/unit/types/test_request_payload.py::test_parse_payload_guard_raises_when_called_twice_in_request PASSED [ 96%]
tests/unit/ui/test_instance_audit_ui_contract.py::test_instance_audit_ui_hides_guid_and_database_column_and_plus_n_summary PASSED [ 96%]
tests/unit/ui/test_instance_audit_ui_contract.py::test_instance_audit_ui_only_renders_summary_warnings PASSED [ 96%]
tests/unit/utils/test_query_filter_utils_classification_options.py::test_build_classification_options_prefers_display_name PASSED [ 96%]
tests/unit/utils/test_redirect_safety.py::test_is_safe_redirect_target_enforces_minimal_policy PASSED [ 96%]
tests/unit/utils/test_redirect_safety.py::test_resolve_safe_redirect_target_returns_fallback_when_target_missing PASSED [ 96%]
tests/unit/utils/test_redirect_safety.py::test_resolve_safe_redirect_target_returns_fallback_when_target_unsafe PASSED [ 97%]
tests/unit/utils/test_redirect_safety.py::test_resolve_safe_redirect_target_returns_normalized_target PASSED [ 97%]
tests/unit/utils/test_request_logging_wide_events.py::test_request_id_is_propagated_and_injected_into_unified_log_context PASSED [ 97%]
tests/unit/utils/test_request_logging_wide_events.py::test_http_request_completed_is_emitted_for_errors_by_default PASSED [ 97%]
tests/unit/utils/test_request_logging_wide_events.py::test_error_envelope_contains_request_id PASSED [ 97%]
tests/unit/utils/test_sensitive_data.py::test_scrub_sensitive_fields_masks_nested_values PASSED [ 97%]
tests/unit/utils/test_sensitive_data.py::test_scrub_sensitive_fields_supports_extra_keys PASSED [ 98%]
tests/unit/utils/test_spreadsheet_formula_safety.py::test_sanitize_csv_cell_returns_empty_string_for_none PASSED [ 98%]
tests/unit/utils/test_spreadsheet_formula_safety.py::test_sanitize_csv_cell_prefixes_risky_values PASSED [ 98%]
tests/unit/utils/test_spreadsheet_formula_safety.py::test_sanitize_csv_cell_keeps_safe_values PASSED [ 98%]
tests/unit/utils/test_spreadsheet_formula_safety.py::test_sanitize_csv_row_sanitizes_each_cell PASSED [ 98%]
tests/unit/utils/test_structlog_log_entry_schema.py::test_build_log_entry_returns_minimum_fields_for_non_dict_event PASSED [ 98%]
tests/unit/utils/test_structlog_log_entry_schema.py::test_build_log_entry_extracts_module_from_logger_when_missing PASSED [ 99%]
tests/unit/utils/test_structlog_log_entry_schema.py::test_build_log_entry_filters_system_fields_into_context PASSED [ 99%]
tests/unit/utils/test_structlog_log_entry_schema.py::test_build_log_entry_drops_debug_level PASSED [ 99%]
tests/unit/utils/test_structlog_log_entry_schema.py::test_build_log_entry_defaults_invalid_level_to_info PASSED [ 99%]
tests/unit/utils/test_time_utils_parsing.py::test_to_china_invalid_iso_returns_none PASSED [ 99%]
tests/unit/utils/test_time_utils_parsing.py::test_format_china_time_invalid_returns_dash PASSED [100%]

=================================== FAILURES ===================================
_______________ test_console_templates_compile_under_app_context _______________
tests/unit/frontend/test_frontend_console_template_compile_contract.py:42: in test_console_templates_compile_under_app_context
    app.jinja_env.get_template(name)
.venv/lib/python3.13/site-packages/jinja2/environment.py:1016: in get_template
    return self._load_template(name, globals)
           ^^^^^^^^^^^^^^^^^^^^^^^^^^^^^^^^^^
.venv/lib/python3.13/site-packages/jinja2/environment.py:975: in _load_template
    template = self.loader.load(self, name, self.make_globals(globals))
               ^^^^^^^^^^^^^^^^^^^^^^^^^^^^^^^^^^^^^^^^^^^^^^^^^^^^^^^^
.venv/lib/python3.13/site-packages/jinja2/loaders.py:126: in load
    source, filename, uptodate = self.get_source(environment, name)
                                 ^^^^^^^^^^^^^^^^^^^^^^^^^^^^^^^^^^
.venv/lib/python3.13/site-packages/flask/templating.py:65: in get_source
    return self._get_source_fast(environment, template)
           ^^^^^^^^^^^^^^^^^^^^^^^^^^^^^^^^^^^^^^^^^^^^
.venv/lib/python3.13/site-packages/flask/templating.py:99: in _get_source_fast
    raise TemplateNotFound(template)
E   jinja2.exceptions.TemplateNotFound: integrations/jumpserver/source.html
------------------------------ Captured log call -------------------------------
WARNING  app.settings:settings.py:546 ⚠️  未设置 PASSWORD_ENCRYPTION_KEY,将使用临时密钥(重启后无法解密已存储凭据)
ERROR    app:structlog_config.py:287 {"module": "system", "exception": "integrations/jumpserver/source.html", "event": "应用请求处理异常", "timestamp": "2026-04-29T04:58:18.632585Z", "level": "error", "app_name": "鲸落", "app_version": "4.0.0-dev", "environment": "testing", "build_hash": "9d606135649b55a70cd87d0ea966b700", "region": "local", "runtime_instance_id": "Mac-mini.local", "logger_name": "app"}
__________________ test_api_v1_instance_backup_info_contract ___________________
tests/unit/routes/test_api_v1_instances_backup_info_contract.py:139: in test_api_v1_instance_backup_info_contract
    assert data.get("restore_points") == [
E   AssertionError: assert [{'backup_id'...+00:00', ...}] == [{'backup_id'...+00:00', ...}]
E     
E     At index 0 diff: {'id': 'restore-point-2', 'name': 'db01-full-20260325T020000.vib', 'platform_name': None, 'type': 'Increment', 'backup_id': 'backup-1', 'object_id': 'object-1', 'restore_point_ids': ['rp-2'], 'data_size_bytes': 425819216, 'backup_size_bytes': 117592064, 'compress_ratio': 27, 'creation_time': '2026-03-25T02:00:00+00:00'} != {'id': 'restore-point-2', 'name': 'db01-full-20260325T020000.vib', 'type': 'Increment', 'backup_id': 'backup-1', 'object_id': 'object-1', 'restore_point_ids': ['rp-2'], 'data_size_bytes': 425819216, 'backup_size_bytes': 117592064, 'co...
E     
E     ...Full output truncated (35 lines hidden), use '-vv' to show
------------------------------ Captured log call -------------------------------
WARNING  app.settings:settings.py:546 ⚠️  未设置 PASSWORD_ENCRYPTION_KEY,将使用临时密钥(重启后无法解密已存储凭据)
INFO     app.settings:settings.py:547 请生成并设置 PASSWORD_ENCRYPTION_KEY(示例: python -c "from cryptography.fernet import Fernet; print(Fernet.generate_key().decode())")
INFO     system:cache_utils.py:185 {"module": "cache", "event": "缓存管理器初始化完成", "timestamp": "2026-04-29T04:58:38.476441Z", "level": "info", "app_name": "鲸落", "app_version": "1.5.0", "logger_name": "system"}
ERROR    app:structlog_config.py:287 {"module": "system", "exception": "assert [{'backup_id'...+00:00', ...}] == [{'backup_id'...+00:00', ...}]\n  \n  At index 0 diff: {'id': 'restore-point-2', 'name': 'db01-full-20260325T020000.vib', 'platform_name': None, 'type': 'Increment', 'backup_id': 'backup-1', 'object_id': 'object-1', 'restore_point_ids': ['rp-2'], 'data_size_bytes': 425819216, 'backup_size_bytes': 117592064, 'compress_ratio': 27, 'creation_time': '2026-03-25T02:00:00+00:00'} != {'id': 'restore-point-2', 'name': 'db01-full-20260325T020000.vib', 'type': 'Increment', 'backup_id': 'backup-1', 'object_id': 'object-1', 'restore_point_ids': ['rp-2'], 'data_size_bytes': 425819216, 'backup_size_bytes': 117592064, 'co...\n  \n  ...Full output truncated (35 lines hidden), use '-vv' to show", "event": "应用请求处理异常", "timestamp": "2026-04-29T04:58:38.724490Z", "level": "error", "app_name": "鲸落", "app_version": "4.0.0-dev", "environment": "testing", "build_hash": "9d606135649b55a70cd87d0ea966b700", "region": "local", "runtime_instance_id": "Mac-mini.local", "logger_name": "app"}
_______________________ test_api_v1_swagger_json_renders _______________________
tests/unit/routes/test_api_v1_swagger_contract.py:7: in test_api_v1_swagger_json_renders
    assert response.status_code == 200
E   assert 500 == 200
E    +  where 500 = <WrapperTestResponse streamed [500 INTERNAL SERVER ERROR]>.status_code
------------------------------ Captured log setup ------------------------------
INFO     system:cache_utils.py:185 {"module": "cache", "event": "缓存管理器初始化完成", "timestamp": "2026-04-29T04:58:47.315243Z", "level": "info", "app_name": "鲸落", "app_version": "1.5.0", "logger_name": "system"}
WARNING  app.settings:settings.py:546 ⚠️  未设置 PASSWORD_ENCRYPTION_KEY,将使用临时密钥(重启后无法解密已存储凭据)
INFO     app.settings:settings.py:547 请生成并设置 PASSWORD_ENCRYPTION_KEY(示例: python -c "from cryptography.fernet import Fernet; print(Fernet.generate_key().decode())")
INFO     system:cache_utils.py:185 {"module": "cache", "event": "缓存管理器初始化完成", "timestamp": "2026-04-29T04:58:47.324328Z", "level": "info", "app_name": "鲸落", "app_version": "1.5.0", "logger_name": "system"}
INFO     app:structlog_config.py:318 {"module": "scheduler", "job_id": "job-1", "job_name": "job-1", "event": "任务立即执行成功", "timestamp": "2026-04-29T04:58:47.357366Z", "level": "info", "app_name": "鲸落", "app_version": "1.5.0", "logger_name": "app"}
------------------------------ Captured log call -------------------------------
ERROR    flask_restx.api:api.py:581 Unable to render schema
Traceback (most recent call last):
  File "/Users/apple/Github/WhaleFall/.venv/lib/python3.13/site-packages/flask_restx/api.py", line 576, in __schema__
    self._schema = Swagger(self).as_dict()
                   ~~~~~~~~~~~~~~~~~~~~~^^
  File "/Users/apple/Github/WhaleFall/.venv/lib/python3.13/site-packages/flask_restx/swagger.py", line 275, in as_dict
    serialized = self.serialize_resource(
        ns, resource, url, route_doc=route_doc, **kwargs
    )
  File "/Users/apple/Github/WhaleFall/.venv/lib/python3.13/site-packages/flask_restx/swagger.py", line 482, in serialize_resource
    path[method] = self.serialize_operation(doc, method)
                   ~~~~~~~~~~~~~~~~~~~~~~~~^^^^^^^^^^^^^
  File "/Users/apple/Github/WhaleFall/.venv/lib/python3.13/site-packages/flask_restx/swagger.py", line 488, in serialize_operation
    "responses": self.responses_for(doc, method) or None,
                 ~~~~~~~~~~~~~~~~~~^^^^^^^^^^^^^
  File "/Users/apple/Github/WhaleFall/.venv/lib/python3.13/site-packages/flask_restx/swagger.py", line 608, in responses_for
    schema = self.serialize_schema(model)
  File "/Users/apple/Github/WhaleFall/.venv/lib/python3.13/site-packages/flask_restx/swagger.py", line 672, in serialize_schema
    self.register_model(model)
    ~~~~~~~~~~~~~~~~~~~^^^^^^^
  File "/Users/apple/Github/WhaleFall/.venv/lib/python3.13/site-packages/flask_restx/swagger.py", line 703, in register_model
    self.register_field(field)
    ~~~~~~~~~~~~~~~~~~~^^^^^^^
  File "/Users/apple/Github/WhaleFall/.venv/lib/python3.13/site-packages/flask_restx/swagger.py", line 711, in register_field
    self.register_model(field.nested)
    ~~~~~~~~~~~~~~~~~~~^^^^^^^^^^^^^^
  File "/Users/apple/Github/WhaleFall/.venv/lib/python3.13/site-packages/flask_restx/swagger.py", line 703, in register_model
    self.register_field(field)
    ~~~~~~~~~~~~~~~~~~~^^^^^^^
  File "/Users/apple/Github/WhaleFall/.venv/lib/python3.13/site-packages/flask_restx/swagger.py", line 711, in register_field
    self.register_model(field.nested)
    ~~~~~~~~~~~~~~~~~~~^^^^^^^^^^^^^^
  File "/Users/apple/Github/WhaleFall/.venv/lib/python3.13/site-packages/flask_restx/swagger.py", line 703, in register_model
    self.register_field(field)
    ~~~~~~~~~~~~~~~~~~~^^^^^^^
  File "/Users/apple/Github/WhaleFall/.venv/lib/python3.13/site-packages/flask_restx/swagger.py", line 713, in register_field
    self.register_field(field.container)
    ~~~~~~~~~~~~~~~~~~~^^^^^^^^^^^^^^^^^
  File "/Users/apple/Github/WhaleFall/.venv/lib/python3.13/site-packages/flask_restx/swagger.py", line 711, in register_field
    self.register_model(field.nested)
    ~~~~~~~~~~~~~~~~~~~^^^^^^^^^^^^^^
  File "/Users/apple/Github/WhaleFall/.venv/lib/python3.13/site-packages/flask_restx/swagger.py", line 692, in register_model
    if name not in self.api.models:
       ^^^^^^^^^^^^^^^^^^^^^^^^^^^
TypeError: unhashable type: 'dict'
INFO     http:request_middleware.py:104 {"module": "http", "action": "GET /api/v1/swagger.json", "status_code": 500, "outcome": "error", "duration_ms": 28, "route": "/api/v1/swagger.json", "endpoint": "api_v1.specs", "error_id": null, "error_type": null, "event": "http_request_completed", "timestamp": "2026-04-29T04:58:47.388012Z", "level": "info", "request_id": "req_cf78d8f4136f4778b379239e32b10a9e", "user_id": null, "app_name": "鲸落", "app_version": "4.0.0-dev", "environment": "testing", "build_hash": "9d606135649b55a70cd87d0ea966b700", "region": "local", "runtime_instance_id": "Mac-mini.local", "host": "localhost", "logger_name": "http"}
______ test_instance_detail_filter_bands_use_shared_filter_band_semantics ______
tests/unit/test_frontend_remaining_filter_surfaces_contract.py:46: in test_instance_detail_filter_bands_use_shared_filter_band_semantics
    assert fragment in template_content
E   assert 'class="instance-overview-band__controls filter-band"' in '{% extends "base.html" %}\n{% set page_id = \'InstanceDetailPage\' %}\n\n{% block title %}{{ instance.name }} - 实例详情{% endblock %}\n\n{% block content %}\n<!-- 提供给 JavaScript 的 CSRF 令牌 -->\n<input type="hidden" name="csrf_token" value="{{ csrf_token() }}">\n\n<div id="instanceDetailContainer"\n     data-instance-id="{{ instance.id }}"\n     data-instance-name="{{ instance.name }}"\n     data-db-type="{{ instance.db_type }}"\n     data-instance-active="{{ \'true\' if instance.is_active else \'false\' }}"\n     data-sync-accounts-url="/api/v1/instances/{{ instance.id }}/actions/sync-accounts">\n\n<div class="row">\n    <div class="col-8">\n        <!-- 基本信息 -->\n        <div class="card mb-4">\n            <div class="card-header">\n                <h5 class="card-title mb-0">\n                    <i class="fas fa-info-circle me-2"></i>基本信息\n                </h5>\n            </div>\n            <div class="card-body basic-info-card">\n                <section class="basic-info-card__masthead">\n                    <div class="basic-info-card__title-row">\n                        <span class="basic-info-card__avatar" aria-hidden="true">\n                            <i class="fas f...l_for(\'static\', filename=\'js/modules/views/grid-plugins/filter-card.js\') }}"></script>\n<script src="{{ url_for(\'static\', filename=\'js/modules/views/grid-plugins/action-delegation.js\') }}"></script>\n<script src="{{ url_for(\'static\', filename=\'js/modules/services/instance_management_service.js\') }}"></script>\n<script src="{{ url_for(\'static\', filename=\'js/modules/views/instances/modals/database-table-sizes-modal.js\') }}"></script>\n<script src="{{ url_for(\'static\', filename=\'js/modules/stores/instance_store.js\') }}"></script>\n{% include \'components/scripts/permission_service_scripts.html\' %}\n{% include \'components/scripts/connection_manager_scripts.html\' %}\n<script src="{{ url_for(\'static\', filename=\'js/modules/views/components/permissions/permission-viewer.js\') }}"></script>\n<script src="{{ url_for(\'static\', filename=\'js/modules/views/components/permissions/permission-modal.js\') }}"></script>\n<script src="{{ url_for(\'static\', filename=\'js/modules/views/components/change-history/change-history-renderer.js\') }}"></script>\n<script src="{{ url_for(\'static\', filename=\'js/modules/views/instances/detail.js\') }}"></script>\n{% endblock %}\n'
=========================== short test summary info ============================
FAILED tests/unit/frontend/test_frontend_console_template_compile_contract.py::test_console_templates_compile_under_app_context
FAILED tests/unit/routes/test_api_v1_instances_backup_info_contract.py::test_api_v1_instance_backup_info_contract
FAILED tests/unit/routes/test_api_v1_swagger_contract.py::test_api_v1_swagger_json_renders
FAILED tests/unit/test_frontend_remaining_filter_surfaces_contract.py::test_instance_detail_filter_bands_use_shared_filter_band_semantics
================ 4 failed, 578 passed, 83 deselected in 45.08s =================
